<?xml version="1.0" encoding="UTF-8"?>
<testsuite name="groceryStoreTest" tests="1" skipped="0" failures="0" errors="0" timestamp="2022-09-11T04:21:46" hostname="Harveens-MacBook-Pro-2.local" time="0.811">
  <properties/>
  <testcase name="addItem()" classname="groceryStoreTest" time="0.811"/>
  <system-out><![CDATA[]]></system-out>
  <system-err><![CDATA[]]></system-err>
</testsuite>
