<?xml version="1.0" encoding="UTF-8"?>
<testsuite name="groceryStoreTest" tests="3" skipped="0" failures="0" errors="0" timestamp="2022-09-19T02:59:49" hostname="Harveens-MacBook-Pro-2.local" time="0.994">
  <properties/>
  <testcase name="addAdmin()" classname="groceryStoreTest" time="0.9"/>
  <testcase name="addItemToGrocery()" classname="groceryStoreTest" time="0.003"/>
  <testcase name="addItemToCart()" classname="groceryStoreTest" time="0.084"/>
  <system-out><![CDATA[]]></system-out>
  <system-err><![CDATA[]]></system-err>
</testsuite>
